app/build/intermediates/manifest_merge_blame_file/release/processReleaseMainManifest/manifest-merger-blame-release-report.txt
1<?xml version="1.0" encoding="utf-8"?>
2<manifest xmlns:android="http://schemas.android.com/apk/res/android"
3    package="com.z.loa"
4    android:versionCode="1"
5    android:versionName="1.0" >
6
7    <uses-sdk
8        android:minSdkVersion="26"
9        android:targetSdkVersion="35" />
10
11    <uses-feature
11-->[com.badlogicgames.gdx:gdx-backend-android:1.14.0] AndroidManifest.xml:7:5-9:35
12        android:glEsVersion="0x00020000"
12-->[com.badlogicgames.gdx:gdx-backend-android:1.14.0] AndroidManifest.xml:8:9-41
13        android:required="true" />
13-->[com.badlogicgames.gdx:gdx-backend-android:1.14.0] AndroidManifest.xml:9:9-32
14
15    <permission
15-->[androidx.core:core:1.15.0] AndroidManifest.xml:22:5-24:47
16        android:name="com.z.loa.DYNAMIC_RECEIVER_NOT_EXPORTED_PERMISSION"
16-->[androidx.core:core:1.15.0] AndroidManifest.xml:23:9-81
17        android:protectionLevel="signature" />
17-->[androidx.core:core:1.15.0] AndroidManifest.xml:24:9-44
18
19    <uses-permission android:name="com.z.loa.DYNAMIC_RECEIVER_NOT_EXPORTED_PERMISSION" />
19-->[androidx.core:core:1.15.0] AndroidManifest.xml:26:5-97
19-->[androidx.core:core:1.15.0] AndroidManifest.xml:26:22-94
20
21    <application
21-->MyGdxACS/app/AndroidManifest.xml:5:5-22:19
22        android:allowBackup="true"
22-->MyGdxACS/app/AndroidManifest.xml:6:9-35
23        android:appCategory="game"
23-->MyGdxACS/app/AndroidManifest.xml:9:9-35
24        android:appComponentFactory="androidx.core.app.CoreComponentFactory"
24-->[androidx.core:core:1.15.0] AndroidManifest.xml:28:18-86
25        android:extractNativeLibs="true"
26        android:icon="@mipmap/ic_launcher"
26-->MyGdxACS/app/AndroidManifest.xml:7:9-43
27        android:isGame="true"
27-->MyGdxACS/app/AndroidManifest.xml:8:9-30
28        android:label="@string/app_name" >
28-->MyGdxACS/app/AndroidManifest.xml:10:9-41
29        <activity
29-->MyGdxACS/app/AndroidManifest.xml:11:9-21:20
30            android:name="com.z.loa.AndroidLauncher"
30-->MyGdxACS/app/AndroidManifest.xml:12:13-53
31            android:configChanges="keyboard|keyboardHidden|navigation|orientation|screenSize|screenLayout"
31-->MyGdxACS/app/AndroidManifest.xml:15:13-107
32            android:exported="true"
32-->MyGdxACS/app/AndroidManifest.xml:16:13-36
33            android:label="@string/app_name"
33-->MyGdxACS/app/AndroidManifest.xml:13:13-45
34            android:screenOrientation="portrait" >
34-->MyGdxACS/app/AndroidManifest.xml:14:13-49
35            <intent-filter>
35-->MyGdxACS/app/AndroidManifest.xml:17:13-20:29
36                <action android:name="android.intent.action.MAIN" />
36-->MyGdxACS/app/AndroidManifest.xml:18:17-68
36-->MyGdxACS/app/AndroidManifest.xml:18:25-66
37
38                <category android:name="android.intent.category.LAUNCHER" />
38-->MyGdxACS/app/AndroidManifest.xml:19:17-76
38-->MyGdxACS/app/AndroidManifest.xml:19:27-74
39            </intent-filter>
40        </activity>
41
42        <provider
42-->[androidx.profileinstaller:profileinstaller:1.3.0] AndroidManifest.xml:24:9-32:20
43            android:name="androidx.startup.InitializationProvider"
43-->[androidx.profileinstaller:profileinstaller:1.3.0] AndroidManifest.xml:25:13-67
44            android:authorities="com.z.loa.androidx-startup"
44-->[androidx.profileinstaller:profileinstaller:1.3.0] AndroidManifest.xml:26:13-68
45            android:exported="false" >
45-->[androidx.profileinstaller:profileinstaller:1.3.0] AndroidManifest.xml:27:13-37
46            <meta-data
46-->[androidx.profileinstaller:profileinstaller:1.3.0] AndroidManifest.xml:29:13-31:52
47                android:name="androidx.profileinstaller.ProfileInstallerInitializer"
47-->[androidx.profileinstaller:profileinstaller:1.3.0] AndroidManifest.xml:30:17-85
48                android:value="androidx.startup" />
48-->[androidx.profileinstaller:profileinstaller:1.3.0] AndroidManifest.xml:31:17-49
49        </provider>
50
51        <receiver
51-->[androidx.profileinstaller:profileinstaller:1.3.0] AndroidManifest.xml:34:9-52:20
52            android:name="androidx.profileinstaller.ProfileInstallReceiver"
52-->[androidx.profileinstaller:profileinstaller:1.3.0] AndroidManifest.xml:35:13-76
53            android:directBootAware="false"
53-->[androidx.profileinstaller:profileinstaller:1.3.0] AndroidManifest.xml:36:13-44
54            android:enabled="true"
54-->[androidx.profileinstaller:profileinstaller:1.3.0] AndroidManifest.xml:37:13-35
55            android:exported="true"
55-->[androidx.profileinstaller:profileinstaller:1.3.0] AndroidManifest.xml:38:13-36
56            android:permission="android.permission.DUMP" >
56-->[androidx.profileinstaller:profileinstaller:1.3.0] AndroidManifest.xml:39:13-57
57            <intent-filter>
57-->[androidx.profileinstaller:profileinstaller:1.3.0] AndroidManifest.xml:40:13-42:29
58                <action android:name="androidx.profileinstaller.action.INSTALL_PROFILE" />
58-->[androidx.profileinstaller:profileinstaller:1.3.0] AndroidManifest.xml:41:17-91
58-->[androidx.profileinstaller:profileinstaller:1.3.0] AndroidManifest.xml:41:25-88
59            </intent-filter>
60            <intent-filter>
60-->[androidx.profileinstaller:profileinstaller:1.3.0] AndroidManifest.xml:43:13-45:29
61                <action android:name="androidx.profileinstaller.action.SKIP_FILE" />
61-->[androidx.profileinstaller:profileinstaller:1.3.0] AndroidManifest.xml:44:17-85
61-->[androidx.profileinstaller:profileinstaller:1.3.0] AndroidManifest.xml:44:25-82
62            </intent-filter>
63            <intent-filter>
63-->[androidx.profileinstaller:profileinstaller:1.3.0] AndroidManifest.xml:46:13-48:29
64                <action android:name="androidx.profileinstaller.action.SAVE_PROFILE" />
64-->[androidx.profileinstaller:profileinstaller:1.3.0] AndroidManifest.xml:47:17-88
64-->[androidx.profileinstaller:profileinstaller:1.3.0] AndroidManifest.xml:47:25-85
65            </intent-filter>
66            <intent-filter>
66-->[androidx.profileinstaller:profileinstaller:1.3.0] AndroidManifest.xml:49:13-51:29
67                <action android:name="androidx.profileinstaller.action.BENCHMARK_OPERATION" />
67-->[androidx.profileinstaller:profileinstaller:1.3.0] AndroidManifest.xml:50:17-95
67-->[androidx.profileinstaller:profileinstaller:1.3.0] AndroidManifest.xml:50:25-92
68            </intent-filter>
69        </receiver>
70    </application>
71
72</manifest>